Android_Proyects/GDXtest/android/build/outputs/logs/manifest-merger-debug-report.txt
-- Merging decision tree log ---
manifest
ADDED from GDXtest/android/AndroidManifest.xml:2:1-26:12
	package
		ADDED from GDXtest/android/AndroidManifest.xml:3:5-31
		INJECTED from GDXtest/android/AndroidManifest.xml
		INJECTED from GDXtest/android/AndroidManifest.xml
	android:versionName
		ADDED from GDXtest/android/AndroidManifest.xml:5:5-30
		INJECTED from GDXtest/android/AndroidManifest.xml
		INJECTED from GDXtest/android/AndroidManifest.xml
	android:versionCode
		ADDED from GDXtest/android/AndroidManifest.xml:4:5-28
		INJECTED from GDXtest/android/AndroidManifest.xml
		INJECTED from GDXtest/android/AndroidManifest.xml
	xmlns:android
		ADDED from GDXtest/android/AndroidManifest.xml:2:11-69
uses-sdk
ADDED from GDXtest/android/AndroidManifest.xml:7:5-73
	android:targetSdkVersion
		ADDED from GDXtest/android/AndroidManifest.xml:7:41-70
		INJECTED from GDXtest/android/AndroidManifest.xml
		INJECTED from GDXtest/android/AndroidManifest.xml
	android:minSdkVersion
		ADDED from GDXtest/android/AndroidManifest.xml:7:15-40
		INJECTED from GDXtest/android/AndroidManifest.xml
		INJECTED from GDXtest/android/AndroidManifest.xml
application
ADDED from GDXtest/android/AndroidManifest.xml:9:5-24:19
	android:label
		ADDED from GDXtest/android/AndroidManifest.xml:12:9-41
	android:allowBackup
		ADDED from GDXtest/android/AndroidManifest.xml:10:9-35
	android:icon
		ADDED from GDXtest/android/AndroidManifest.xml:11:9-45
	android:theme
		ADDED from GDXtest/android/AndroidManifest.xml:13:9-40
activity#com.osocron.game.AndroidLauncher
ADDED from GDXtest/android/AndroidManifest.xml:14:9-23:20
	android:screenOrientation
		ADDED from GDXtest/android/AndroidManifest.xml:17:13-50
	android:label
		ADDED from GDXtest/android/AndroidManifest.xml:16:13-45
	android:configChanges
		ADDED from GDXtest/android/AndroidManifest.xml:18:13-83
	android:name
		ADDED from GDXtest/android/AndroidManifest.xml:15:13-60
intent-filter#android.intent.action.MAIN+android.intent.category.LAUNCHER
ADDED from GDXtest/android/AndroidManifest.xml:19:13-22:29
action#android.intent.action.MAIN
ADDED from GDXtest/android/AndroidManifest.xml:20:17-69
	android:name
		ADDED from GDXtest/android/AndroidManifest.xml:20:25-66
category#android.intent.category.LAUNCHER
ADDED from GDXtest/android/AndroidManifest.xml:21:17-77
	android:name
		ADDED from GDXtest/android/AndroidManifest.xml:21:27-74